<?xml version="1.0" encoding="UTF-8"?>
<!-- Generated by org.testng.reporters.JUnitReportReporter -->
<testsuite hostname="Mihais-MacBook-Pro.local" failures="0" tests="6" name="SmokeTest" time="19.950" errors="0" timestamp="2021-10-01T20:23:30 EEST" skipped="0">
  <testcase classname="SmokeTest" name="login" time="3.015"/>
  <system-out/>
  <testcase classname="SmokeTest" name="checkAvailableProductsCounter" time="4.271"/>
  <system-out/>
  <testcase classname="SmokeTest" name="validateExistenceOfFiltersSection" time="0.031"/>
  <system-out/>
  <testcase classname="SmokeTest" name="validateProductSortButton" time="2.154"/>
  <system-out/>
  <testcase classname="SmokeTest" name="validateProductSort" time="8.384"/>
  <system-out/>
  <testcase classname="SmokeTest" name="accessProductPage" time="2.095"/>
  <system-out/>
</testsuite> <!-- SmokeTest -->
